<?xml version="1.0" encoding="UTF-8"?>
<coverage generated="1593811345924" clover="3.2.0">
  <project timestamp="1593811345926" name="All files">
    <metrics statements="112" coveredstatements="75" conditionals="34" coveredconditionals="18" methods="56" coveredmethods="40" elements="202" coveredelements="133" complexity="0" loc="112" ncloc="112" packages="5" files="5" classes="5"/>
    <package name="editContactRow">
      <metrics statements="38" coveredstatements="36" conditionals="12" coveredconditionals="9" methods="18" coveredmethods="18"/>
      <file name="editContactRow.js" path="/Users/lmontero/Documents/GitHub/Blog-Projects/Blog 1 Use Base LWC On Custom App/force-app/main/default/lwc/editContactRow/editContactRow.js">
        <metrics statements="38" coveredstatements="36" conditionals="12" coveredconditionals="9" methods="18" coveredmethods="18"/>
        <line num="3" count="91" type="stmt"/>
        <line num="12" count="13" type="cond" truecount="1" falsecount="1"/>
        <line num="13" count="0" type="stmt"/>
        <line num="20" count="22" type="cond" truecount="2" falsecount="0"/>
        <line num="25" count="4" type="stmt"/>
        <line num="26" count="4" type="stmt"/>
        <line num="27" count="4" type="stmt"/>
        <line num="31" count="8" type="stmt"/>
        <line num="32" count="8" type="cond" truecount="2" falsecount="0"/>
        <line num="34" count="4" type="stmt"/>
        <line num="35" count="4" type="cond" truecount="1" falsecount="1"/>
        <line num="36" count="4" type="stmt"/>
        <line num="37" count="0" type="stmt"/>
        <line num="44" count="2" type="stmt"/>
        <line num="51" count="1" type="stmt"/>
        <line num="54" count="1" type="stmt"/>
        <line num="60" count="1" type="stmt"/>
        <line num="61" count="1" type="stmt"/>
        <line num="62" count="1" type="stmt"/>
        <line num="63" count="1" type="stmt"/>
        <line num="64" count="1" type="stmt"/>
        <line num="70" count="1" type="stmt"/>
        <line num="71" count="1" type="stmt"/>
        <line num="72" count="1" type="stmt"/>
        <line num="73" count="1" type="stmt"/>
        <line num="77" count="1" type="stmt"/>
        <line num="79" count="1" type="stmt"/>
        <line num="84" count="1" type="stmt"/>
        <line num="89" count="1" type="stmt"/>
        <line num="92" count="1" type="cond" truecount="1" falsecount="1"/>
        <line num="93" count="1" type="stmt"/>
        <line num="94" count="4" type="stmt"/>
        <line num="95" count="4" type="stmt"/>
        <line num="102" count="1" type="stmt"/>
        <line num="106" count="2" type="stmt"/>
        <line num="110" count="3" type="cond" truecount="2" falsecount="0"/>
        <line num="117" count="5" type="stmt"/>
        <line num="121" count="2" type="stmt"/>
      </file>
    </package>
    <package name="errorPanel">
      <metrics statements="4" coveredstatements="4" conditionals="0" coveredconditionals="0" methods="3" coveredmethods="3"/>
      <file name="errorPanel.js" path="/Users/lmontero/Documents/GitHub/Blog-Projects/Blog 1 Use Base LWC On Custom App/force-app/main/default/lwc/errorPanel/errorPanel.js">
        <metrics statements="4" coveredstatements="4" conditionals="0" coveredconditionals="0" methods="3" coveredmethods="3"/>
        <line num="2" count="2" type="stmt"/>
        <line num="4" count="20" type="stmt"/>
        <line num="14" count="7" type="stmt"/>
        <line num="18" count="1" type="stmt"/>
      </file>
    </package>
    <package name="ldsUtils">
      <metrics statements="13" coveredstatements="11" conditionals="10" coveredconditionals="8" methods="6" coveredmethods="5"/>
      <file name="ldsUtils.js" path="/Users/lmontero/Documents/GitHub/Blog-Projects/Blog 1 Use Base LWC On Custom App/force-app/main/default/lwc/ldsUtils/ldsUtils.js">
        <metrics statements="13" coveredstatements="11" conditionals="10" coveredconditionals="8" methods="6" coveredmethods="5"/>
        <line num="7" count="7" type="cond" truecount="2" falsecount="0"/>
        <line num="8" count="4" type="stmt"/>
        <line num="11" count="7" type="stmt"/>
        <line num="14" count="10" type="stmt"/>
        <line num="18" count="7" type="cond" truecount="1" falsecount="1"/>
        <line num="19" count="0" type="stmt"/>
        <line num="22" count="7" type="cond" truecount="4" falsecount="0"/>
        <line num="23" count="1" type="stmt"/>
        <line num="26" count="6" type="cond" truecount="1" falsecount="1"/>
        <line num="27" count="0" type="stmt"/>
        <line num="30" count="6" type="stmt"/>
        <line num="33" count="7" type="stmt"/>
        <line num="35" count="7" type="stmt"/>
      </file>
    </package>
    <package name="modal">
      <metrics statements="14" coveredstatements="10" conditionals="8" coveredconditionals="0" methods="8" coveredmethods="6"/>
      <file name="modal.js" path="/Users/lmontero/Documents/GitHub/Blog-Projects/Blog 1 Use Base LWC On Custom App/force-app/main/default/lwc/modal/modal.js">
        <metrics statements="14" coveredstatements="10" conditionals="8" coveredconditionals="0" methods="8" coveredmethods="6"/>
        <line num="3" count="2" type="stmt"/>
        <line num="5" count="36" type="stmt"/>
        <line num="9" count="5" type="stmt"/>
        <line num="10" count="5" type="stmt"/>
        <line num="13" count="1" type="stmt"/>
        <line num="20" count="4" type="stmt"/>
        <line num="24" count="2" type="stmt"/>
        <line num="29" count="1" type="stmt"/>
        <line num="30" count="1" type="stmt"/>
        <line num="31" count="1" type="stmt"/>
        <line num="35" count="0" type="stmt"/>
        <line num="36" count="0" type="cond" truecount="0" falsecount="4"/>
        <line num="40" count="0" type="stmt"/>
        <line num="41" count="0" type="cond" truecount="0" falsecount="4"/>
      </file>
    </package>
    <package name="relatedContacts">
      <metrics statements="43" coveredstatements="14" conditionals="4" coveredconditionals="1" methods="21" coveredmethods="8"/>
      <file name="relatedContacts.js" path="/Users/lmontero/Documents/GitHub/Blog-Projects/Blog 1 Use Base LWC On Custom App/force-app/main/default/lwc/relatedContacts/relatedContacts.js">
        <metrics statements="43" coveredstatements="14" conditionals="4" coveredconditionals="1" methods="21" coveredmethods="8"/>
        <line num="3" count="1" type="stmt"/>
        <line num="6" count="28" type="stmt"/>
        <line num="19" count="4" type="stmt"/>
        <line num="22" count="4" type="stmt"/>
        <line num="23" count="4" type="stmt"/>
        <line num="24" count="4" type="stmt"/>
        <line num="29" count="4" type="cond" truecount="1" falsecount="1"/>
        <line num="30" count="0" type="stmt"/>
        <line num="34" count="4" type="stmt"/>
        <line num="36" count="3" type="stmt"/>
        <line num="37" count="3" type="stmt"/>
        <line num="40" count="1" type="stmt"/>
        <line num="41" count="1" type="stmt"/>
        <line num="47" count="0" type="stmt"/>
        <line num="50" count="0" type="stmt"/>
        <line num="57" count="0" type="stmt"/>
        <line num="62" count="8" type="stmt"/>
        <line num="66" count="8" type="stmt"/>
        <line num="69" count="0" type="stmt"/>
        <line num="70" count="0" type="stmt"/>
        <line num="74" count="0" type="stmt"/>
        <line num="75" count="0" type="stmt"/>
        <line num="76" count="0" type="stmt"/>
        <line num="82" count="0" type="stmt"/>
        <line num="83" count="0" type="stmt"/>
        <line num="84" count="0" type="stmt"/>
        <line num="89" count="0" type="stmt"/>
        <line num="90" count="0" type="stmt"/>
        <line num="91" count="0" type="stmt"/>
        <line num="95" count="0" type="stmt"/>
        <line num="99" count="0" type="stmt"/>
        <line num="100" count="0" type="stmt"/>
        <line num="101" count="0" type="cond" truecount="0" falsecount="2"/>
        <line num="102" count="0" type="stmt"/>
        <line num="104" count="0" type="stmt"/>
        <line num="105" count="0" type="stmt"/>
        <line num="111" count="0" type="stmt"/>
        <line num="113" count="0" type="stmt"/>
        <line num="114" count="0" type="stmt"/>
        <line num="115" count="0" type="stmt"/>
        <line num="118" count="0" type="stmt"/>
        <line num="119" count="0" type="stmt"/>
        <line num="124" count="0" type="stmt"/>
      </file>
    </package>
  </project>
</coverage>
