{"/Users/lulymontero/Documents/GitHub/Blog-Projects/Blog 1 Use Base LWC On Custom App/force-app/main/default/lwc/editContactRow/editContactRow.js": {"path":"/Users/lulymontero/Documents/GitHub/Blog-Projects/Blog 1 Use Base LWC On Custom App/force-app/main/default/lwc/editContactRow/editContactRow.js","statementMap":{"0":{"start":{"line":3,"column":61},"end":{"line":3,"column":null}},"1":{"start":{"line":12,"column":4},"end":{"line":14,"column":null}},"2":{"start":{"line":13,"column":6},"end":{"line":13,"column":null}},"3":{"start":{"line":20,"column":4},"end":{"line":20,"column":11}},"4":{"start":{"line":25,"column":17},"end":{"line":25,"column":null}},"5":{"start":{"line":26,"column":18},"end":{"line":26,"column":null}},"6":{"start":{"line":27,"column":4},"end":{"line":27,"column":23}},"7":{"start":{"line":31,"column":16},"end":{"line":31,"column":8}},"8":{"start":{"line":32,"column":4},"end":{"line":32,"column":null}},"9":{"start":{"line":32,"column":16},"end":{"line":32,"column":null}},"10":{"start":{"line":34,"column":18},"end":{"line":34,"column":null}},"11":{"start":{"line":35,"column":4},"end":{"line":35,"column":null}},"12":{"start":{"line":35,"column":17},"end":{"line":35,"column":null}},"13":{"start":{"line":36,"column":4},"end":{"line":36,"column":null}},"14":{"start":{"line":42,"column":4},"end":{"line":42,"column":null}},"15":{"start":{"line":49,"column":24},"end":{"line":49,"column":50}},"16":{"start":{"line":52,"column":4},"end":{"line":52,"column":null}},"17":{"start":{"line":58,"column":4},"end":{"line":58,"column":null}},"18":{"start":{"line":59,"column":4},"end":{"line":59,"column":9}},"19":{"start":{"line":60,"column":19},"end":{"line":60,"column":10}},"20":{"start":{"line":61,"column":4},"end":{"line":61,"column":10}},"21":{"start":{"line":62,"column":4},"end":{"line":62,"column":null}},"22":{"start":{"line":68,"column":4},"end":{"line":68,"column":22}},"23":{"start":{"line":69,"column":4},"end":{"line":69,"column":null}},"24":{"start":{"line":70,"column":4},"end":{"line":70,"column":null}},"25":{"start":{"line":71,"column":4},"end":{"line":71,"column":null}},"26":{"start":{"line":75,"column":27},"end":{"line":75,"column":54}},"27":{"start":{"line":78,"column":4},"end":{"line":78,"column":null}},"28":{"start":{"line":83,"column":4},"end":{"line":83,"column":null}},"29":{"start":{"line":88,"column":24},"end":{"line":88,"column":null}},"30":{"start":{"line":89,"column":4},"end":{"line":94,"column":null}},"31":{"start":{"line":90,"column":6},"end":{"line":90,"column":17}},"32":{"start":{"line":91,"column":8},"end":{"line":91,"column":13}},"33":{"start":{"line":92,"column":8},"end":{"line":92,"column":null}},"34":{"start":{"line":99,"column":4},"end":{"line":99,"column":null}},"35":{"start":{"line":103,"column":4},"end":{"line":103,"column":null}},"36":{"start":{"line":107,"column":4},"end":{"line":107,"column":23}},"37":{"start":{"line":113,"column":4},"end":{"line":113,"column":null}},"38":{"start":{"line":117,"column":4},"end":{"line":117,"column":null}},"39":{"start":{"line":3,"column":0},"end":{"line":3,"column":15}}},"fnMap":{"0":{"name":"(anonymous_1)","decl":{"start":{"line":3,"column":61},"end":{"line":3,"column":null}},"loc":{"start":{"line":3,"column":61},"end":{"line":3,"column":null}}},"1":{"name":"(anonymous_2)","decl":{"start":{"line":11,"column":2},"end":{"line":11,"column":19}},"loc":{"start":{"line":11,"column":22},"end":{"line":3,"column":null}}},"2":{"name":"(anonymous_3)","decl":{"start":{"line":19,"column":2},"end":{"line":19,"column":24}},"loc":{"start":{"line":19,"column":24},"end":{"line":3,"column":null}}},"3":{"name":"(anonymous_4)","decl":{"start":{"line":24,"column":2},"end":{"line":24,"column":20}},"loc":{"start":{"line":24,"column":23},"end":{"line":28,"column":null}}},"4":{"name":"(anonymous_5)","decl":{"start":{"line":30,"column":2},"end":{"line":30,"column":11}},"loc":{"start":{"line":30,"column":30},"end":{"line":3,"column":null}}},"5":{"name":"(anonymous_6)","decl":{"start":{"line":41,"column":2},"end":{"line":41,"column":14}},"loc":{"start":{"line":41,"column":17},"end":{"line":3,"column":null}}},"6":{"name":"(anonymous_7)","decl":{"start":{"line":48,"column":2},"end":{"line":48,"column":16}},"loc":{"start":{"line":48,"column":19},"end":{"line":3,"column":null}}},"7":{"name":"(anonymous_8)","decl":{"start":{"line":57,"column":2},"end":{"line":57,"column":14}},"loc":{"start":{"line":57,"column":22},"end":{"line":3,"column":null}}},"8":{"name":"(anonymous_9)","decl":{"start":{"line":67,"column":2},"end":{"line":67,"column":15}},"loc":{"start":{"line":67,"column":23},"end":{"line":72,"column":null}}},"9":{"name":"(anonymous_10)","decl":{"start":{"line":74,"column":2},"end":{"line":74,"column":24}},"loc":{"start":{"line":74,"column":27},"end":{"line":3,"column":null}}},"10":{"name":"(anonymous_11)","decl":{"start":{"line":82,"column":2},"end":{"line":82,"column":13}},"loc":{"start":{"line":82,"column":16},"end":{"line":3,"column":null}}},"11":{"name":"(anonymous_12)","decl":{"start":{"line":87,"column":2},"end":{"line":87,"column":14}},"loc":{"start":{"line":87,"column":17},"end":{"line":3,"column":null}}},"12":{"name":"(anonymous_13)","decl":{"start":{"line":90,"column":27},"end":{"line":90,"column":37}},"loc":{"start":{"line":90,"column":37},"end":{"line":90,"column":17}}},"13":{"name":"(anonymous_14)","decl":{"start":{"line":98,"column":2},"end":{"line":98,"column":22}},"loc":{"start":{"line":98,"column":25},"end":{"line":100,"column":null}}},"14":{"name":"(anonymous_15)","decl":{"start":{"line":102,"column":2},"end":{"line":102,"column":19}},"loc":{"start":{"line":102,"column":22},"end":{"line":104,"column":null}}},"15":{"name":"(anonymous_16)","decl":{"start":{"line":106,"column":2},"end":{"line":106,"column":15}},"loc":{"start":{"line":106,"column":27},"end":{"line":3,"column":null}}},"16":{"name":"(anonymous_17)","decl":{"start":{"line":112,"column":2},"end":{"line":112,"column":10}},"loc":{"start":{"line":112,"column":13},"end":{"line":114,"column":null}}},"17":{"name":"(anonymous_18)","decl":{"start":{"line":116,"column":2},"end":{"line":116,"column":10}},"loc":{"start":{"line":116,"column":13},"end":{"line":3,"column":null}}}},"branchMap":{"0":{"loc":{"start":{"line":12,"column":4},"end":{"line":14,"column":null}},"type":"if","locations":[{"start":{"line":12,"column":4},"end":{"line":14,"column":null}},{"start":{"line":12,"column":4},"end":{"line":14,"column":null}}]},"1":{"loc":{"start":{"line":20,"column":28},"end":{"line":20,"column":10}},"type":"cond-expr","locations":[{"start":{"line":20,"column":28},"end":{"line":20,"column":10}},{"start":{"line":20,"column":45},"end":{"line":20,"column":11}}]},"2":{"loc":{"start":{"line":32,"column":4},"end":{"line":32,"column":null}},"type":"if","locations":[{"start":{"line":32,"column":4},"end":{"line":32,"column":null}},{"start":{"line":32,"column":4},"end":{"line":32,"column":null}}]},"3":{"loc":{"start":{"line":35,"column":4},"end":{"line":35,"column":null}},"type":"if","locations":[{"start":{"line":35,"column":4},"end":{"line":35,"column":null}},{"start":{"line":35,"column":4},"end":{"line":35,"column":null}}]},"4":{"loc":{"start":{"line":89,"column":4},"end":{"line":94,"column":null}},"type":"if","locations":[{"start":{"line":89,"column":4},"end":{"line":94,"column":null}},{"start":{"line":89,"column":4},"end":{"line":94,"column":null}}]},"5":{"loc":{"start":{"line":107,"column":48},"end":{"line":107,"column":null}},"type":"cond-expr","locations":[{"start":{"line":107,"column":48},"end":{"line":107,"column":null}},{"start":{"line":107,"column":4},"end":{"line":107,"column":23}}]}},"s":{"0":112,"1":16,"2":2,"3":25,"4":4,"5":4,"6":4,"7":8,"8":8,"9":4,"10":4,"11":4,"12":4,"13":0,"14":2,"15":1,"16":1,"17":1,"18":1,"19":1,"20":1,"21":1,"22":1,"23":1,"24":1,"25":1,"26":1,"27":1,"28":1,"29":1,"30":1,"31":1,"32":4,"33":4,"34":1,"35":2,"36":3,"37":5,"38":4,"39":2},"f":{"0":16,"1":16,"2":25,"3":4,"4":8,"5":2,"6":1,"7":1,"8":1,"9":1,"10":1,"11":1,"12":4,"13":1,"14":2,"15":3,"16":5,"17":4},"b":{"0":[2,14],"1":[4,21],"2":[4,4],"3":[4,0],"4":[1,0],"5":[1,2]}}
,"/Users/lulymontero/Documents/GitHub/Blog-Projects/Blog 1 Use Base LWC On Custom App/force-app/main/default/lwc/errorPanel/errorPanel.js": {"path":"/Users/lulymontero/Documents/GitHub/Blog-Projects/Blog 1 Use Base LWC On Custom App/force-app/main/default/lwc/errorPanel/errorPanel.js","statementMap":{"0":{"start":{"line":2,"column":0},"end":{"line":2,"column":null}},"1":{"start":{"line":4,"column":57},"end":{"line":4,"column":null}},"2":{"start":{"line":14,"column":4},"end":{"line":14,"column":11}},"3":{"start":{"line":18,"column":4},"end":{"line":18,"column":23}},"4":{"start":{"line":4,"column":0},"end":{"line":4,"column":15}}},"fnMap":{"0":{"name":"(anonymous_1)","decl":{"start":{"line":4,"column":57},"end":{"line":4,"column":null}},"loc":{"start":{"line":4,"column":57},"end":{"line":4,"column":null}}},"1":{"name":"(anonymous_2)","decl":{"start":{"line":13,"column":2},"end":{"line":13,"column":22}},"loc":{"start":{"line":13,"column":22},"end":{"line":15,"column":null}}},"2":{"name":"(anonymous_3)","decl":{"start":{"line":17,"column":2},"end":{"line":17,"column":22}},"loc":{"start":{"line":17,"column":30},"end":{"line":19,"column":null}}}},"branchMap":{},"s":{"0":2,"1":20,"2":7,"3":1,"4":2},"f":{"0":5,"1":7,"2":1},"b":{}}
,"/Users/lulymontero/Documents/GitHub/Blog-Projects/Blog 1 Use Base LWC On Custom App/force-app/main/default/lwc/ldsUtils/ldsUtils.js": {"path":"/Users/lulymontero/Documents/GitHub/Blog-Projects/Blog 1 Use Base LWC On Custom App/force-app/main/default/lwc/ldsUtils/ldsUtils.js","statementMap":{"0":{"start":{"line":7,"column":2},"end":{"line":9,"column":null}},"1":{"start":{"line":8,"column":4},"end":{"line":8,"column":10}},"2":{"start":{"line":11,"column":2},"end":{"line":11,"column":null}},"3":{"start":{"line":14,"column":25},"end":{"line":12,"column":10}},"4":{"start":{"line":18,"column":8},"end":{"line":16,"column":null}},"5":{"start":{"line":19,"column":10},"end":{"line":19,"column":17}},"6":{"start":{"line":19,"column":39},"end":{"line":19,"column":17}},"7":{"start":{"line":22,"column":13},"end":{"line":16,"column":null}},"8":{"start":{"line":23,"column":10},"end":{"line":23,"column":17}},"9":{"start":{"line":26,"column":13},"end":{"line":16,"column":null}},"10":{"start":{"line":27,"column":10},"end":{"line":27,"column":17}},"11":{"start":{"line":30,"column":8},"end":{"line":30,"column":15}},"12":{"start":{"line":33,"column":30},"end":{"line":33,"column":34}},"13":{"start":{"line":35,"column":27},"end":{"line":11,"column":null}}},"fnMap":{"0":{"name":"reduceErrors","decl":{"start":{"line":6,"column":7},"end":{"line":6,"column":37}},"loc":{"start":{"line":6,"column":37},"end":{"line":37,"column":null}}},"1":{"name":"(anonymous_1)","decl":{"start":{"line":14,"column":15},"end":{"line":14,"column":25}},"loc":{"start":{"line":14,"column":25},"end":{"line":12,"column":10}}},"2":{"name":"(anonymous_2)","decl":{"start":{"line":16,"column":12},"end":{"line":16,"column":22}},"loc":{"start":{"line":16,"column":22},"end":{"line":12,"column":10}}},"3":{"name":"(anonymous_3)","decl":{"start":{"line":19,"column":33},"end":{"line":19,"column":39}},"loc":{"start":{"line":19,"column":39},"end":{"line":19,"column":17}}},"4":{"name":"(anonymous_4)","decl":{"start":{"line":33,"column":14},"end":{"line":33,"column":30}},"loc":{"start":{"line":33,"column":30},"end":{"line":33,"column":34}}},"5":{"name":"(anonymous_5)","decl":{"start":{"line":35,"column":15},"end":{"line":35,"column":27}},"loc":{"start":{"line":35,"column":27},"end":{"line":11,"column":null}}}},"branchMap":{"0":{"loc":{"start":{"line":7,"column":2},"end":{"line":9,"column":null}},"type":"if","locations":[{"start":{"line":7,"column":2},"end":{"line":9,"column":null}},{"start":{"line":7,"column":2},"end":{"line":9,"column":null}}]},"1":{"loc":{"start":{"line":18,"column":8},"end":{"line":16,"column":null}},"type":"if","locations":[{"start":{"line":18,"column":8},"end":{"line":16,"column":null}},{"start":{"line":18,"column":8},"end":{"line":16,"column":null}}]},"2":{"loc":{"start":{"line":22,"column":13},"end":{"line":16,"column":null}},"type":"if","locations":[{"start":{"line":22,"column":13},"end":{"line":16,"column":null}},{"start":{"line":22,"column":13},"end":{"line":16,"column":null}}]},"3":{"loc":{"start":{"line":22,"column":17},"end":{"line":22,"column":22}},"type":"binary-expr","locations":[{"start":{"line":22,"column":17},"end":{"line":22,"column":22}},{"start":{"line":22,"column":31},"end":{"line":22,"column":17}}]},"4":{"loc":{"start":{"line":26,"column":13},"end":{"line":16,"column":null}},"type":"if","locations":[{"start":{"line":26,"column":13},"end":{"line":16,"column":null}},{"start":{"line":26,"column":13},"end":{"line":16,"column":null}}]}},"s":{"0":7,"1":4,"2":7,"3":10,"4":7,"5":0,"6":0,"7":7,"8":1,"9":6,"10":0,"11":6,"12":7,"13":7},"f":{"0":7,"1":10,"2":7,"3":0,"4":7,"5":7},"b":{"0":[4,3],"1":[0,7],"2":[1,6],"3":[7,1],"4":[0,6]}}
,"/Users/lulymontero/Documents/GitHub/Blog-Projects/Blog 1 Use Base LWC On Custom App/force-app/main/default/lwc/modal/modal.js": {"path":"/Users/lulymontero/Documents/GitHub/Blog-Projects/Blog 1 Use Base LWC On Custom App/force-app/main/default/lwc/modal/modal.js","statementMap":{"0":{"start":{"line":3,"column":0},"end":{"line":3,"column":6}},"1":{"start":{"line":5,"column":52},"end":{"line":5,"column":null}},"2":{"start":{"line":9,"column":4},"end":{"line":9,"column":27}},"3":{"start":{"line":10,"column":4},"end":{"line":10,"column":null}},"4":{"start":{"line":13,"column":4},"end":{"line":13,"column":11}},"5":{"start":{"line":20,"column":4},"end":{"line":20,"column":null}},"6":{"start":{"line":24,"column":4},"end":{"line":24,"column":null}},"7":{"start":{"line":29,"column":24},"end":{"line":29,"column":null}},"8":{"start":{"line":30,"column":4},"end":{"line":30,"column":null}},"9":{"start":{"line":31,"column":4},"end":{"line":31,"column":null}},"10":{"start":{"line":35,"column":22},"end":{"line":35,"column":null}},"11":{"start":{"line":36,"column":4},"end":{"line":36,"column":51}},"12":{"start":{"line":36,"column":42},"end":{"line":36,"column":51}},"13":{"start":{"line":40,"column":21},"end":{"line":40,"column":null}},"14":{"start":{"line":41,"column":4},"end":{"line":41,"column":48}},"15":{"start":{"line":41,"column":40},"end":{"line":41,"column":48}},"16":{"start":{"line":5,"column":0},"end":{"line":5,"column":15}}},"fnMap":{"0":{"name":"(anonymous_1)","decl":{"start":{"line":5,"column":52},"end":{"line":5,"column":null}},"loc":{"start":{"line":5,"column":52},"end":{"line":5,"column":null}}},"1":{"name":"(anonymous_2)","decl":{"start":{"line":7,"column":2},"end":{"line":7,"column":null}},"loc":{"start":{"line":8,"column":20},"end":{"line":11,"column":null}}},"2":{"name":"(anonymous_3)","decl":{"start":{"line":12,"column":2},"end":{"line":12,"column":15}},"loc":{"start":{"line":12,"column":15},"end":{"line":14,"column":null}}},"3":{"name":"(anonymous_4)","decl":{"start":{"line":19,"column":7},"end":{"line":19,"column":14}},"loc":{"start":{"line":19,"column":14},"end":{"line":21,"column":null}}},"4":{"name":"(anonymous_5)","decl":{"start":{"line":23,"column":7},"end":{"line":23,"column":14}},"loc":{"start":{"line":23,"column":14},"end":{"line":25,"column":null}}},"5":{"name":"(anonymous_6)","decl":{"start":{"line":27,"column":2},"end":{"line":27,"column":19}},"loc":{"start":{"line":27,"column":22},"end":{"line":32,"column":null}}},"6":{"name":"(anonymous_7)","decl":{"start":{"line":34,"column":2},"end":{"line":34,"column":25}},"loc":{"start":{"line":34,"column":28},"end":{"line":37,"column":null}}},"7":{"name":"(anonymous_8)","decl":{"start":{"line":39,"column":2},"end":{"line":39,"column":24}},"loc":{"start":{"line":39,"column":27},"end":{"line":42,"column":null}}}},"branchMap":{"0":{"loc":{"start":{"line":36,"column":4},"end":{"line":36,"column":51}},"type":"if","locations":[{"start":{"line":36,"column":4},"end":{"line":36,"column":51}},{"start":{"line":36,"column":4},"end":{"line":36,"column":51}}]},"1":{"loc":{"start":{"line":36,"column":8},"end":{"line":36,"column":17}},"type":"binary-expr","locations":[{"start":{"line":36,"column":8},"end":{"line":36,"column":17}},{"start":{"line":36,"column":21},"end":{"line":36,"column":8}}]},"2":{"loc":{"start":{"line":41,"column":4},"end":{"line":41,"column":48}},"type":"if","locations":[{"start":{"line":41,"column":4},"end":{"line":41,"column":48}},{"start":{"line":41,"column":4},"end":{"line":41,"column":48}}]},"3":{"loc":{"start":{"line":41,"column":8},"end":{"line":41,"column":16}},"type":"binary-expr","locations":[{"start":{"line":41,"column":8},"end":{"line":41,"column":16}},{"start":{"line":41,"column":20},"end":{"line":41,"column":8}}]}},"s":{"0":2,"1":52,"2":9,"3":9,"4":3,"5":6,"6":5,"7":1,"8":1,"9":1,"10":0,"11":0,"12":0,"13":4,"14":4,"15":2,"16":2},"f":{"0":13,"1":9,"2":3,"3":6,"4":5,"5":1,"6":0,"7":4},"b":{"0":[0,0],"1":[0,0],"2":[2,2],"3":[4,2]}}
,"/Users/lulymontero/Documents/GitHub/Blog-Projects/Blog 1 Use Base LWC On Custom App/force-app/main/default/lwc/relatedContacts/relatedContacts.js": {"path":"/Users/lulymontero/Documents/GitHub/Blog-Projects/Blog 1 Use Base LWC On Custom App/force-app/main/default/lwc/relatedContacts/relatedContacts.js","statementMap":{"0":{"start":{"line":3,"column":0},"end":{"line":3,"column":null}},"1":{"start":{"line":5,"column":62},"end":{"line":5,"column":null}},"2":{"start":{"line":17,"column":4},"end":{"line":17,"column":11}},"3":{"start":{"line":20,"column":4},"end":{"line":20,"column":null}},"4":{"start":{"line":21,"column":4},"end":{"line":21,"column":null}},"5":{"start":{"line":22,"column":4},"end":{"line":22,"column":null}},"6":{"start":{"line":27,"column":4},"end":{"line":26,"column":null}},"7":{"start":{"line":28,"column":6},"end":{"line":28,"column":null}},"8":{"start":{"line":32,"column":4},"end":{"line":32,"column":22}},"9":{"start":{"line":34,"column":8},"end":{"line":34,"column":null}},"10":{"start":{"line":35,"column":8},"end":{"line":35,"column":null}},"11":{"start":{"line":38,"column":8},"end":{"line":38,"column":null}},"12":{"start":{"line":39,"column":8},"end":{"line":39,"column":null}},"13":{"start":{"line":45,"column":4},"end":{"line":45,"column":null}},"14":{"start":{"line":48,"column":4},"end":{"line":48,"column":null}},"15":{"start":{"line":55,"column":4},"end":{"line":55,"column":null}},"16":{"start":{"line":60,"column":4},"end":{"line":60,"column":null}},"17":{"start":{"line":64,"column":4},"end":{"line":64,"column":null}},"18":{"start":{"line":67,"column":18},"end":{"line":67,"column":null}},"19":{"start":{"line":68,"column":4},"end":{"line":68,"column":9}},"20":{"start":{"line":72,"column":18},"end":{"line":72,"column":null}},"21":{"start":{"line":73,"column":4},"end":{"line":73,"column":9}},"22":{"start":{"line":79,"column":19},"end":{"line":79,"column":8}},"23":{"start":{"line":80,"column":16},"end":{"line":80,"column":8}},"24":{"start":{"line":81,"column":4},"end":{"line":81,"column":null}},"25":{"start":{"line":86,"column":4},"end":{"line":86,"column":28}},"26":{"start":{"line":87,"column":4},"end":{"line":87,"column":25}},"27":{"start":{"line":88,"column":4},"end":{"line":88,"column":null}},"28":{"start":{"line":92,"column":4},"end":{"line":92,"column":null}},"29":{"start":{"line":96,"column":4},"end":{"line":96,"column":null}},"30":{"start":{"line":97,"column":4},"end":{"line":97,"column":null}},"31":{"start":{"line":98,"column":4},"end":{"line":103,"column":null}},"32":{"start":{"line":99,"column":6},"end":{"line":99,"column":null}},"33":{"start":{"line":101,"column":6},"end":{"line":101,"column":null}},"34":{"start":{"line":102,"column":6},"end":{"line":102,"column":null}},"35":{"start":{"line":108,"column":4},"end":{"line":108,"column":17}},"36":{"start":{"line":110,"column":8},"end":{"line":110,"column":null}},"37":{"start":{"line":111,"column":8},"end":{"line":111,"column":null}},"38":{"start":{"line":112,"column":8},"end":{"line":112,"column":null}},"39":{"start":{"line":115,"column":8},"end":{"line":115,"column":null}},"40":{"start":{"line":116,"column":8},"end":{"line":116,"column":null}},"41":{"start":{"line":121,"column":4},"end":{"line":121,"column":25}},"42":{"start":{"line":5,"column":0},"end":{"line":5,"column":15}}},"fnMap":{"0":{"name":"(anonymous_2)","decl":{"start":{"line":5,"column":62},"end":{"line":5,"column":null}},"loc":{"start":{"line":5,"column":62},"end":{"line":5,"column":null}}},"1":{"name":"(anonymous_3)","decl":{"start":{"line":15,"column":2},"end":{"line":15,"column":null}},"loc":{"start":{"line":16,"column":17},"end":{"line":18,"column":null}}},"2":{"name":"(anonymous_4)","decl":{"start":{"line":19,"column":2},"end":{"line":19,"column":22}},"loc":{"start":{"line":19,"column":22},"end":{"line":5,"column":null}}},"3":{"name":"(anonymous_5)","decl":{"start":{"line":26,"column":2},"end":{"line":26,"column":13}},"loc":{"start":{"line":26,"column":16},"end":{"line":5,"column":null}}},"4":{"name":"(anonymous_6)","decl":{"start":{"line":33,"column":13},"end":{"line":33,"column":22}},"loc":{"start":{"line":33,"column":22},"end":{"line":32,"column":22}}},"5":{"name":"(anonymous_7)","decl":{"start":{"line":37,"column":14},"end":{"line":37,"column":24}},"loc":{"start":{"line":37,"column":24},"end":{"line":32,"column":22}}},"6":{"name":"(anonymous_8)","decl":{"start":{"line":44,"column":2},"end":{"line":44,"column":15}},"loc":{"start":{"line":44,"column":18},"end":{"line":46,"column":null}}},"7":{"name":"(anonymous_9)","decl":{"start":{"line":47,"column":2},"end":{"line":47,"column":19}},"loc":{"start":{"line":47,"column":22},"end":{"line":5,"column":null}}},"8":{"name":"(anonymous_10)","decl":{"start":{"line":54,"column":2},"end":{"line":54,"column":21}},"loc":{"start":{"line":54,"column":24},"end":{"line":5,"column":null}}},"9":{"name":"(anonymous_11)","decl":{"start":{"line":59,"column":2},"end":{"line":59,"column":26}},"loc":{"start":{"line":59,"column":26},"end":{"line":61,"column":null}}},"10":{"name":"(anonymous_12)","decl":{"start":{"line":63,"column":2},"end":{"line":63,"column":27}},"loc":{"start":{"line":63,"column":27},"end":{"line":65,"column":null}}},"11":{"name":"(anonymous_13)","decl":{"start":{"line":66,"column":2},"end":{"line":66,"column":17}},"loc":{"start":{"line":66,"column":20},"end":{"line":69,"column":null}}},"12":{"name":"(anonymous_14)","decl":{"start":{"line":71,"column":2},"end":{"line":71,"column":17}},"loc":{"start":{"line":71,"column":20},"end":{"line":5,"column":null}}},"13":{"name":"(anonymous_15)","decl":{"start":{"line":78,"column":2},"end":{"line":78,"column":21}},"loc":{"start":{"line":78,"column":29},"end":{"line":5,"column":null}}},"14":{"name":"(anonymous_16)","decl":{"start":{"line":85,"column":2},"end":{"line":85,"column":17}},"loc":{"start":{"line":85,"column":25},"end":{"line":89,"column":null}}},"15":{"name":"(anonymous_17)","decl":{"start":{"line":91,"column":2},"end":{"line":91,"column":20}},"loc":{"start":{"line":91,"column":23},"end":{"line":93,"column":null}}},"16":{"name":"(anonymous_18)","decl":{"start":{"line":95,"column":2},"end":{"line":95,"column":17}},"loc":{"start":{"line":95,"column":20},"end":{"line":104,"column":null}}},"17":{"name":"(anonymous_19)","decl":{"start":{"line":106,"column":2},"end":{"line":106,"column":17}},"loc":{"start":{"line":106,"column":20},"end":{"line":118,"column":null}}},"18":{"name":"(anonymous_20)","decl":{"start":{"line":109,"column":12},"end":{"line":109,"column":18}},"loc":{"start":{"line":109,"column":18},"end":{"line":108,"column":17}}},"19":{"name":"(anonymous_21)","decl":{"start":{"line":114,"column":14},"end":{"line":114,"column":24}},"loc":{"start":{"line":114,"column":24},"end":{"line":108,"column":17}}},"20":{"name":"(anonymous_22)","decl":{"start":{"line":120,"column":2},"end":{"line":120,"column":20}},"loc":{"start":{"line":120,"column":23},"end":{"line":5,"column":null}}}},"branchMap":{"0":{"loc":{"start":{"line":27,"column":4},"end":{"line":26,"column":null}},"type":"if","locations":[{"start":{"line":27,"column":4},"end":{"line":26,"column":null}},{"start":{"line":27,"column":4},"end":{"line":26,"column":null}}]},"1":{"loc":{"start":{"line":98,"column":4},"end":{"line":103,"column":null}},"type":"if","locations":[{"start":{"line":98,"column":4},"end":{"line":103,"column":null}},{"start":{"line":98,"column":4},"end":{"line":103,"column":null}}]}},"s":{"0":1,"1":56,"2":8,"3":8,"4":8,"5":8,"6":8,"7":1,"8":7,"9":6,"10":6,"11":1,"12":1,"13":2,"14":2,"15":2,"16":18,"17":18,"18":2,"19":2,"20":3,"21":3,"22":1,"23":1,"24":1,"25":2,"26":2,"27":2,"28":1,"29":2,"30":2,"31":2,"32":1,"33":1,"34":1,"35":1,"36":1,"37":1,"38":1,"39":0,"40":0,"41":2,"42":1},"f":{"0":8,"1":8,"2":8,"3":8,"4":6,"5":1,"6":2,"7":2,"8":2,"9":18,"10":18,"11":2,"12":3,"13":1,"14":2,"15":1,"16":2,"17":1,"18":1,"19":0,"20":2},"b":{"0":[1,7],"1":[1,1]}}
}
