{"/Users/lmontero/Documents/GitHub/Blog-Projects/Blog 1 Use Base LWC On Custom App/force-app/main/default/lwc/editContactRow/editContactRow.js": {"path":"/Users/lmontero/Documents/GitHub/Blog-Projects/Blog 1 Use Base LWC On Custom App/force-app/main/default/lwc/editContactRow/editContactRow.js","statementMap":{"0":{"start":{"line":3,"column":61},"end":{"line":3,"column":null}},"1":{"start":{"line":12,"column":8},"end":{"line":14,"column":null}},"2":{"start":{"line":13,"column":12},"end":{"line":13,"column":null}},"3":{"start":{"line":20,"column":8},"end":{"line":20,"column":15}},"4":{"start":{"line":25,"column":21},"end":{"line":25,"column":null}},"5":{"start":{"line":26,"column":22},"end":{"line":26,"column":null}},"6":{"start":{"line":27,"column":8},"end":{"line":27,"column":27}},"7":{"start":{"line":31,"column":20},"end":{"line":31,"column":12}},"8":{"start":{"line":32,"column":8},"end":{"line":32,"column":null}},"9":{"start":{"line":32,"column":19},"end":{"line":32,"column":null}},"10":{"start":{"line":34,"column":22},"end":{"line":34,"column":null}},"11":{"start":{"line":35,"column":8},"end":{"line":36,"column":null}},"12":{"start":{"line":36,"column":12},"end":{"line":36,"column":null}},"13":{"start":{"line":37,"column":8},"end":{"line":37,"column":null}},"14":{"start":{"line":44,"column":8},"end":{"line":44,"column":null}},"15":{"start":{"line":51,"column":28},"end":{"line":51,"column":54}},"16":{"start":{"line":54,"column":8},"end":{"line":54,"column":null}},"17":{"start":{"line":60,"column":8},"end":{"line":60,"column":null}},"18":{"start":{"line":61,"column":8},"end":{"line":61,"column":13}},"19":{"start":{"line":62,"column":23},"end":{"line":62,"column":14}},"20":{"start":{"line":63,"column":8},"end":{"line":63,"column":14}},"21":{"start":{"line":64,"column":8},"end":{"line":64,"column":null}},"22":{"start":{"line":70,"column":8},"end":{"line":70,"column":26}},"23":{"start":{"line":71,"column":8},"end":{"line":71,"column":null}},"24":{"start":{"line":72,"column":8},"end":{"line":72,"column":null}},"25":{"start":{"line":73,"column":8},"end":{"line":73,"column":null}},"26":{"start":{"line":77,"column":31},"end":{"line":77,"column":58}},"27":{"start":{"line":79,"column":8},"end":{"line":79,"column":null}},"28":{"start":{"line":84,"column":8},"end":{"line":84,"column":null}},"29":{"start":{"line":89,"column":28},"end":{"line":89,"column":null}},"30":{"start":{"line":92,"column":8},"end":{"line":97,"column":null}},"31":{"start":{"line":93,"column":12},"end":{"line":93,"column":23}},"32":{"start":{"line":94,"column":16},"end":{"line":94,"column":21}},"33":{"start":{"line":95,"column":16},"end":{"line":95,"column":null}},"34":{"start":{"line":102,"column":8},"end":{"line":102,"column":null}},"35":{"start":{"line":106,"column":8},"end":{"line":106,"column":null}},"36":{"start":{"line":110,"column":8},"end":{"line":110,"column":28}},"37":{"start":{"line":117,"column":8},"end":{"line":117,"column":null}},"38":{"start":{"line":121,"column":8},"end":{"line":121,"column":null}},"39":{"start":{"line":3,"column":0},"end":{"line":3,"column":15}}},"fnMap":{"0":{"name":"(anonymous_1)","decl":{"start":{"line":3,"column":61},"end":{"line":3,"column":null}},"loc":{"start":{"line":3,"column":61},"end":{"line":3,"column":null}}},"1":{"name":"(anonymous_2)","decl":{"start":{"line":11,"column":4},"end":{"line":11,"column":21}},"loc":{"start":{"line":11,"column":23},"end":{"line":3,"column":null}}},"2":{"name":"(anonymous_3)","decl":{"start":{"line":19,"column":4},"end":{"line":19,"column":25}},"loc":{"start":{"line":19,"column":25},"end":{"line":3,"column":null}}},"3":{"name":"(anonymous_4)","decl":{"start":{"line":24,"column":4},"end":{"line":24,"column":22}},"loc":{"start":{"line":24,"column":24},"end":{"line":28,"column":null}}},"4":{"name":"(anonymous_5)","decl":{"start":{"line":30,"column":4},"end":{"line":30,"column":13}},"loc":{"start":{"line":30,"column":31},"end":{"line":3,"column":null}}},"5":{"name":"(anonymous_6)","decl":{"start":{"line":43,"column":4},"end":{"line":43,"column":16}},"loc":{"start":{"line":43,"column":18},"end":{"line":3,"column":null}}},"6":{"name":"(anonymous_7)","decl":{"start":{"line":50,"column":4},"end":{"line":50,"column":18}},"loc":{"start":{"line":50,"column":20},"end":{"line":3,"column":null}}},"7":{"name":"(anonymous_8)","decl":{"start":{"line":59,"column":4},"end":{"line":59,"column":16}},"loc":{"start":{"line":59,"column":23},"end":{"line":3,"column":null}}},"8":{"name":"(anonymous_9)","decl":{"start":{"line":69,"column":4},"end":{"line":69,"column":17}},"loc":{"start":{"line":69,"column":24},"end":{"line":74,"column":null}}},"9":{"name":"(anonymous_10)","decl":{"start":{"line":76,"column":4},"end":{"line":76,"column":26}},"loc":{"start":{"line":76,"column":28},"end":{"line":3,"column":null}}},"10":{"name":"(anonymous_11)","decl":{"start":{"line":83,"column":4},"end":{"line":83,"column":15}},"loc":{"start":{"line":83,"column":17},"end":{"line":3,"column":null}}},"11":{"name":"(anonymous_12)","decl":{"start":{"line":88,"column":4},"end":{"line":88,"column":16}},"loc":{"start":{"line":88,"column":18},"end":{"line":3,"column":null}}},"12":{"name":"(anonymous_13)","decl":{"start":{"line":93,"column":32},"end":{"line":93,"column":37}},"loc":{"start":{"line":93,"column":41},"end":{"line":93,"column":23}}},"13":{"name":"(anonymous_14)","decl":{"start":{"line":101,"column":4},"end":{"line":101,"column":24}},"loc":{"start":{"line":101,"column":26},"end":{"line":103,"column":null}}},"14":{"name":"(anonymous_15)","decl":{"start":{"line":105,"column":4},"end":{"line":105,"column":21}},"loc":{"start":{"line":105,"column":23},"end":{"line":107,"column":null}}},"15":{"name":"(anonymous_16)","decl":{"start":{"line":109,"column":4},"end":{"line":109,"column":17}},"loc":{"start":{"line":109,"column":29},"end":{"line":3,"column":null}}},"16":{"name":"(anonymous_17)","decl":{"start":{"line":116,"column":4},"end":{"line":116,"column":12}},"loc":{"start":{"line":116,"column":14},"end":{"line":118,"column":null}}},"17":{"name":"(anonymous_18)","decl":{"start":{"line":120,"column":4},"end":{"line":120,"column":12}},"loc":{"start":{"line":120,"column":14},"end":{"line":3,"column":null}}}},"branchMap":{"0":{"loc":{"start":{"line":12,"column":8},"end":{"line":14,"column":null}},"type":"if","locations":[{"start":{"line":12,"column":8},"end":{"line":14,"column":null}},{"start":{"line":12,"column":8},"end":{"line":14,"column":null}}]},"1":{"loc":{"start":{"line":20,"column":32},"end":{"line":20,"column":14}},"type":"cond-expr","locations":[{"start":{"line":20,"column":32},"end":{"line":20,"column":14}},{"start":{"line":20,"column":49},"end":{"line":20,"column":15}}]},"2":{"loc":{"start":{"line":32,"column":8},"end":{"line":32,"column":null}},"type":"if","locations":[{"start":{"line":32,"column":8},"end":{"line":32,"column":null}},{"start":{"line":32,"column":8},"end":{"line":32,"column":null}}]},"3":{"loc":{"start":{"line":35,"column":8},"end":{"line":36,"column":null}},"type":"if","locations":[{"start":{"line":35,"column":8},"end":{"line":36,"column":null}},{"start":{"line":35,"column":8},"end":{"line":36,"column":null}}]},"4":{"loc":{"start":{"line":92,"column":8},"end":{"line":97,"column":null}},"type":"if","locations":[{"start":{"line":92,"column":8},"end":{"line":97,"column":null}},{"start":{"line":92,"column":8},"end":{"line":97,"column":null}}]},"5":{"loc":{"start":{"line":110,"column":53},"end":{"line":110,"column":null}},"type":"cond-expr","locations":[{"start":{"line":110,"column":53},"end":{"line":110,"column":null}},{"start":{"line":110,"column":8},"end":{"line":110,"column":28}}]}},"s":{"0":91,"1":13,"2":0,"3":22,"4":4,"5":4,"6":4,"7":8,"8":8,"9":4,"10":4,"11":4,"12":4,"13":0,"14":2,"15":1,"16":1,"17":1,"18":1,"19":1,"20":1,"21":1,"22":1,"23":1,"24":1,"25":1,"26":1,"27":1,"28":1,"29":1,"30":1,"31":1,"32":4,"33":4,"34":1,"35":2,"36":3,"37":5,"38":2,"39":2},"f":{"0":13,"1":13,"2":22,"3":4,"4":8,"5":2,"6":1,"7":1,"8":1,"9":1,"10":1,"11":1,"12":4,"13":1,"14":2,"15":3,"16":5,"17":2},"b":{"0":[0,13],"1":[3,19],"2":[4,4],"3":[4,0],"4":[1,0],"5":[1,2]}}
,"/Users/lmontero/Documents/GitHub/Blog-Projects/Blog 1 Use Base LWC On Custom App/force-app/main/default/lwc/errorPanel/errorPanel.js": {"path":"/Users/lmontero/Documents/GitHub/Blog-Projects/Blog 1 Use Base LWC On Custom App/force-app/main/default/lwc/errorPanel/errorPanel.js","statementMap":{"0":{"start":{"line":2,"column":0},"end":{"line":2,"column":null}},"1":{"start":{"line":4,"column":57},"end":{"line":4,"column":null}},"2":{"start":{"line":14,"column":8},"end":{"line":14,"column":15}},"3":{"start":{"line":18,"column":8},"end":{"line":18,"column":27}},"4":{"start":{"line":4,"column":0},"end":{"line":4,"column":15}}},"fnMap":{"0":{"name":"(anonymous_1)","decl":{"start":{"line":4,"column":57},"end":{"line":4,"column":null}},"loc":{"start":{"line":4,"column":57},"end":{"line":4,"column":null}}},"1":{"name":"(anonymous_2)","decl":{"start":{"line":13,"column":4},"end":{"line":13,"column":24}},"loc":{"start":{"line":13,"column":24},"end":{"line":15,"column":null}}},"2":{"name":"(anonymous_3)","decl":{"start":{"line":17,"column":4},"end":{"line":17,"column":24}},"loc":{"start":{"line":17,"column":32},"end":{"line":19,"column":null}}}},"branchMap":{},"s":{"0":2,"1":20,"2":7,"3":1,"4":2},"f":{"0":5,"1":7,"2":1},"b":{}}
,"/Users/lmontero/Documents/GitHub/Blog-Projects/Blog 1 Use Base LWC On Custom App/force-app/main/default/lwc/ldsUtils/ldsUtils.js": {"path":"/Users/lmontero/Documents/GitHub/Blog-Projects/Blog 1 Use Base LWC On Custom App/force-app/main/default/lwc/ldsUtils/ldsUtils.js","statementMap":{"0":{"start":{"line":7,"column":4},"end":{"line":9,"column":null}},"1":{"start":{"line":8,"column":8},"end":{"line":8,"column":14}},"2":{"start":{"line":11,"column":4},"end":{"line":11,"column":null}},"3":{"start":{"line":14,"column":29},"end":{"line":12,"column":14}},"4":{"start":{"line":18,"column":16},"end":{"line":16,"column":null}},"5":{"start":{"line":19,"column":20},"end":{"line":19,"column":27}},"6":{"start":{"line":19,"column":47},"end":{"line":19,"column":27}},"7":{"start":{"line":22,"column":21},"end":{"line":16,"column":null}},"8":{"start":{"line":23,"column":20},"end":{"line":23,"column":27}},"9":{"start":{"line":26,"column":21},"end":{"line":16,"column":null}},"10":{"start":{"line":27,"column":20},"end":{"line":27,"column":27}},"11":{"start":{"line":30,"column":16},"end":{"line":30,"column":23}},"12":{"start":{"line":33,"column":36},"end":{"line":33,"column":40}},"13":{"start":{"line":35,"column":31},"end":{"line":11,"column":null}}},"fnMap":{"0":{"name":"reduceErrors","decl":{"start":{"line":6,"column":7},"end":{"line":6,"column":37}},"loc":{"start":{"line":6,"column":37},"end":{"line":37,"column":null}}},"1":{"name":"(anonymous_1)","decl":{"start":{"line":14,"column":20},"end":{"line":14,"column":25}},"loc":{"start":{"line":14,"column":29},"end":{"line":12,"column":14}}},"2":{"name":"(anonymous_2)","decl":{"start":{"line":16,"column":17},"end":{"line":16,"column":22}},"loc":{"start":{"line":16,"column":26},"end":{"line":12,"column":14}}},"3":{"name":"(anonymous_3)","decl":{"start":{"line":19,"column":42},"end":{"line":19,"column":43}},"loc":{"start":{"line":19,"column":47},"end":{"line":19,"column":27}}},"4":{"name":"(anonymous_4)","decl":{"start":{"line":33,"column":20},"end":{"line":33,"column":36}},"loc":{"start":{"line":33,"column":36},"end":{"line":33,"column":40}}},"5":{"name":"(anonymous_5)","decl":{"start":{"line":35,"column":20},"end":{"line":35,"column":27}},"loc":{"start":{"line":35,"column":31},"end":{"line":11,"column":null}}}},"branchMap":{"0":{"loc":{"start":{"line":7,"column":4},"end":{"line":9,"column":null}},"type":"if","locations":[{"start":{"line":7,"column":4},"end":{"line":9,"column":null}},{"start":{"line":7,"column":4},"end":{"line":9,"column":null}}]},"1":{"loc":{"start":{"line":18,"column":16},"end":{"line":16,"column":null}},"type":"if","locations":[{"start":{"line":18,"column":16},"end":{"line":16,"column":null}},{"start":{"line":18,"column":16},"end":{"line":16,"column":null}}]},"2":{"loc":{"start":{"line":22,"column":21},"end":{"line":16,"column":null}},"type":"if","locations":[{"start":{"line":22,"column":21},"end":{"line":16,"column":null}},{"start":{"line":22,"column":21},"end":{"line":16,"column":null}}]},"3":{"loc":{"start":{"line":22,"column":25},"end":{"line":22,"column":30}},"type":"binary-expr","locations":[{"start":{"line":22,"column":25},"end":{"line":22,"column":30}},{"start":{"line":22,"column":39},"end":{"line":22,"column":25}}]},"4":{"loc":{"start":{"line":26,"column":21},"end":{"line":16,"column":null}},"type":"if","locations":[{"start":{"line":26,"column":21},"end":{"line":16,"column":null}},{"start":{"line":26,"column":21},"end":{"line":16,"column":null}}]}},"s":{"0":7,"1":4,"2":7,"3":10,"4":7,"5":0,"6":0,"7":7,"8":1,"9":6,"10":0,"11":6,"12":7,"13":7},"f":{"0":7,"1":10,"2":7,"3":0,"4":7,"5":7},"b":{"0":[4,3],"1":[0,7],"2":[1,6],"3":[7,1],"4":[0,6]}}
,"/Users/lmontero/Documents/GitHub/Blog-Projects/Blog 1 Use Base LWC On Custom App/force-app/main/default/lwc/modal/modal.js": {"path":"/Users/lmontero/Documents/GitHub/Blog-Projects/Blog 1 Use Base LWC On Custom App/force-app/main/default/lwc/modal/modal.js","statementMap":{"0":{"start":{"line":3,"column":0},"end":{"line":3,"column":6}},"1":{"start":{"line":5,"column":52},"end":{"line":5,"column":null}},"2":{"start":{"line":9,"column":4},"end":{"line":9,"column":27}},"3":{"start":{"line":10,"column":4},"end":{"line":10,"column":null}},"4":{"start":{"line":13,"column":4},"end":{"line":13,"column":11}},"5":{"start":{"line":20,"column":4},"end":{"line":20,"column":null}},"6":{"start":{"line":24,"column":4},"end":{"line":24,"column":null}},"7":{"start":{"line":29,"column":24},"end":{"line":29,"column":null}},"8":{"start":{"line":30,"column":4},"end":{"line":30,"column":null}},"9":{"start":{"line":31,"column":4},"end":{"line":31,"column":null}},"10":{"start":{"line":35,"column":22},"end":{"line":35,"column":null}},"11":{"start":{"line":36,"column":4},"end":{"line":36,"column":51}},"12":{"start":{"line":36,"column":42},"end":{"line":36,"column":51}},"13":{"start":{"line":40,"column":21},"end":{"line":40,"column":null}},"14":{"start":{"line":41,"column":4},"end":{"line":41,"column":48}},"15":{"start":{"line":41,"column":40},"end":{"line":41,"column":48}},"16":{"start":{"line":5,"column":0},"end":{"line":5,"column":15}}},"fnMap":{"0":{"name":"(anonymous_1)","decl":{"start":{"line":5,"column":52},"end":{"line":5,"column":null}},"loc":{"start":{"line":5,"column":52},"end":{"line":5,"column":null}}},"1":{"name":"(anonymous_2)","decl":{"start":{"line":7,"column":2},"end":{"line":7,"column":null}},"loc":{"start":{"line":8,"column":20},"end":{"line":11,"column":null}}},"2":{"name":"(anonymous_3)","decl":{"start":{"line":12,"column":2},"end":{"line":12,"column":15}},"loc":{"start":{"line":12,"column":15},"end":{"line":14,"column":null}}},"3":{"name":"(anonymous_4)","decl":{"start":{"line":19,"column":7},"end":{"line":19,"column":14}},"loc":{"start":{"line":19,"column":14},"end":{"line":21,"column":null}}},"4":{"name":"(anonymous_5)","decl":{"start":{"line":23,"column":7},"end":{"line":23,"column":14}},"loc":{"start":{"line":23,"column":14},"end":{"line":25,"column":null}}},"5":{"name":"(anonymous_6)","decl":{"start":{"line":27,"column":2},"end":{"line":27,"column":19}},"loc":{"start":{"line":27,"column":22},"end":{"line":32,"column":null}}},"6":{"name":"(anonymous_7)","decl":{"start":{"line":34,"column":2},"end":{"line":34,"column":25}},"loc":{"start":{"line":34,"column":28},"end":{"line":37,"column":null}}},"7":{"name":"(anonymous_8)","decl":{"start":{"line":39,"column":2},"end":{"line":39,"column":24}},"loc":{"start":{"line":39,"column":27},"end":{"line":42,"column":null}}}},"branchMap":{"0":{"loc":{"start":{"line":36,"column":4},"end":{"line":36,"column":51}},"type":"if","locations":[{"start":{"line":36,"column":4},"end":{"line":36,"column":51}},{"start":{"line":36,"column":4},"end":{"line":36,"column":51}}]},"1":{"loc":{"start":{"line":36,"column":8},"end":{"line":36,"column":17}},"type":"binary-expr","locations":[{"start":{"line":36,"column":8},"end":{"line":36,"column":17}},{"start":{"line":36,"column":21},"end":{"line":36,"column":8}}]},"2":{"loc":{"start":{"line":41,"column":4},"end":{"line":41,"column":48}},"type":"if","locations":[{"start":{"line":41,"column":4},"end":{"line":41,"column":48}},{"start":{"line":41,"column":4},"end":{"line":41,"column":48}}]},"3":{"loc":{"start":{"line":41,"column":8},"end":{"line":41,"column":16}},"type":"binary-expr","locations":[{"start":{"line":41,"column":8},"end":{"line":41,"column":16}},{"start":{"line":41,"column":20},"end":{"line":41,"column":8}}]}},"s":{"0":2,"1":36,"2":5,"3":5,"4":1,"5":4,"6":2,"7":1,"8":1,"9":1,"10":0,"11":0,"12":0,"13":0,"14":0,"15":0,"16":2},"f":{"0":9,"1":5,"2":1,"3":4,"4":2,"5":1,"6":0,"7":0},"b":{"0":[0,0],"1":[0,0],"2":[0,0],"3":[0,0]}}
,"/Users/lmontero/Documents/GitHub/Blog-Projects/Blog 1 Use Base LWC On Custom App/force-app/main/default/lwc/relatedContacts/relatedContacts.js": {"path":"/Users/lmontero/Documents/GitHub/Blog-Projects/Blog 1 Use Base LWC On Custom App/force-app/main/default/lwc/relatedContacts/relatedContacts.js","statementMap":{"0":{"start":{"line":3,"column":0},"end":{"line":3,"column":null}},"1":{"start":{"line":6,"column":62},"end":{"line":6,"column":null}},"2":{"start":{"line":19,"column":8},"end":{"line":19,"column":15}},"3":{"start":{"line":22,"column":8},"end":{"line":22,"column":null}},"4":{"start":{"line":23,"column":8},"end":{"line":23,"column":null}},"5":{"start":{"line":24,"column":8},"end":{"line":24,"column":null}},"6":{"start":{"line":29,"column":8},"end":{"line":28,"column":null}},"7":{"start":{"line":30,"column":12},"end":{"line":30,"column":null}},"8":{"start":{"line":34,"column":8},"end":{"line":34,"column":26}},"9":{"start":{"line":36,"column":16},"end":{"line":36,"column":null}},"10":{"start":{"line":37,"column":16},"end":{"line":37,"column":null}},"11":{"start":{"line":40,"column":16},"end":{"line":40,"column":null}},"12":{"start":{"line":41,"column":16},"end":{"line":41,"column":null}},"13":{"start":{"line":47,"column":8},"end":{"line":47,"column":null}},"14":{"start":{"line":50,"column":8},"end":{"line":50,"column":null}},"15":{"start":{"line":57,"column":8},"end":{"line":57,"column":null}},"16":{"start":{"line":62,"column":8},"end":{"line":62,"column":null}},"17":{"start":{"line":66,"column":8},"end":{"line":66,"column":null}},"18":{"start":{"line":69,"column":22},"end":{"line":69,"column":null}},"19":{"start":{"line":70,"column":8},"end":{"line":70,"column":13}},"20":{"start":{"line":74,"column":8},"end":{"line":74,"column":15}},"21":{"start":{"line":75,"column":22},"end":{"line":75,"column":null}},"22":{"start":{"line":76,"column":8},"end":{"line":76,"column":13}},"23":{"start":{"line":82,"column":23},"end":{"line":82,"column":12}},"24":{"start":{"line":83,"column":20},"end":{"line":83,"column":12}},"25":{"start":{"line":84,"column":8},"end":{"line":84,"column":null}},"26":{"start":{"line":89,"column":8},"end":{"line":89,"column":32}},"27":{"start":{"line":90,"column":8},"end":{"line":90,"column":29}},"28":{"start":{"line":91,"column":8},"end":{"line":91,"column":null}},"29":{"start":{"line":95,"column":8},"end":{"line":95,"column":null}},"30":{"start":{"line":99,"column":8},"end":{"line":99,"column":null}},"31":{"start":{"line":100,"column":8},"end":{"line":100,"column":null}},"32":{"start":{"line":101,"column":8},"end":{"line":106,"column":null}},"33":{"start":{"line":102,"column":12},"end":{"line":102,"column":null}},"34":{"start":{"line":104,"column":12},"end":{"line":104,"column":null}},"35":{"start":{"line":105,"column":12},"end":{"line":105,"column":null}},"36":{"start":{"line":111,"column":8},"end":{"line":111,"column":21}},"37":{"start":{"line":113,"column":16},"end":{"line":113,"column":null}},"38":{"start":{"line":114,"column":16},"end":{"line":114,"column":null}},"39":{"start":{"line":115,"column":16},"end":{"line":115,"column":null}},"40":{"start":{"line":118,"column":16},"end":{"line":118,"column":null}},"41":{"start":{"line":119,"column":16},"end":{"line":119,"column":null}},"42":{"start":{"line":124,"column":8},"end":{"line":124,"column":29}},"43":{"start":{"line":6,"column":0},"end":{"line":6,"column":15}}},"fnMap":{"0":{"name":"(anonymous_2)","decl":{"start":{"line":6,"column":62},"end":{"line":6,"column":null}},"loc":{"start":{"line":6,"column":62},"end":{"line":6,"column":null}}},"1":{"name":"(anonymous_3)","decl":{"start":{"line":17,"column":4},"end":{"line":17,"column":null}},"loc":{"start":{"line":18,"column":19},"end":{"line":20,"column":null}}},"2":{"name":"(anonymous_4)","decl":{"start":{"line":21,"column":4},"end":{"line":21,"column":24}},"loc":{"start":{"line":21,"column":24},"end":{"line":6,"column":null}}},"3":{"name":"(anonymous_5)","decl":{"start":{"line":28,"column":4},"end":{"line":28,"column":15}},"loc":{"start":{"line":28,"column":17},"end":{"line":6,"column":null}}},"4":{"name":"(anonymous_6)","decl":{"start":{"line":35,"column":18},"end":{"line":35,"column":22}},"loc":{"start":{"line":35,"column":26},"end":{"line":34,"column":26}}},"5":{"name":"(anonymous_7)","decl":{"start":{"line":39,"column":19},"end":{"line":39,"column":24}},"loc":{"start":{"line":39,"column":28},"end":{"line":34,"column":26}}},"6":{"name":"(anonymous_8)","decl":{"start":{"line":46,"column":4},"end":{"line":46,"column":17}},"loc":{"start":{"line":46,"column":20},"end":{"line":48,"column":null}}},"7":{"name":"(anonymous_9)","decl":{"start":{"line":49,"column":4},"end":{"line":49,"column":21}},"loc":{"start":{"line":49,"column":24},"end":{"line":6,"column":null}}},"8":{"name":"(anonymous_10)","decl":{"start":{"line":56,"column":4},"end":{"line":56,"column":23}},"loc":{"start":{"line":56,"column":25},"end":{"line":6,"column":null}}},"9":{"name":"(anonymous_11)","decl":{"start":{"line":61,"column":4},"end":{"line":61,"column":27}},"loc":{"start":{"line":61,"column":27},"end":{"line":63,"column":null}}},"10":{"name":"(anonymous_12)","decl":{"start":{"line":65,"column":4},"end":{"line":65,"column":28}},"loc":{"start":{"line":65,"column":28},"end":{"line":67,"column":null}}},"11":{"name":"(anonymous_13)","decl":{"start":{"line":68,"column":4},"end":{"line":68,"column":19}},"loc":{"start":{"line":68,"column":22},"end":{"line":71,"column":null}}},"12":{"name":"(anonymous_14)","decl":{"start":{"line":73,"column":4},"end":{"line":73,"column":19}},"loc":{"start":{"line":73,"column":22},"end":{"line":6,"column":null}}},"13":{"name":"(anonymous_15)","decl":{"start":{"line":81,"column":4},"end":{"line":81,"column":23}},"loc":{"start":{"line":81,"column":30},"end":{"line":6,"column":null}}},"14":{"name":"(anonymous_16)","decl":{"start":{"line":88,"column":4},"end":{"line":88,"column":19}},"loc":{"start":{"line":88,"column":26},"end":{"line":92,"column":null}}},"15":{"name":"(anonymous_17)","decl":{"start":{"line":94,"column":4},"end":{"line":94,"column":22}},"loc":{"start":{"line":94,"column":24},"end":{"line":96,"column":null}}},"16":{"name":"(anonymous_18)","decl":{"start":{"line":98,"column":4},"end":{"line":98,"column":19}},"loc":{"start":{"line":98,"column":21},"end":{"line":107,"column":null}}},"17":{"name":"(anonymous_19)","decl":{"start":{"line":109,"column":4},"end":{"line":109,"column":19}},"loc":{"start":{"line":109,"column":21},"end":{"line":121,"column":null}}},"18":{"name":"(anonymous_20)","decl":{"start":{"line":112,"column":18},"end":{"line":112,"column":24}},"loc":{"start":{"line":112,"column":24},"end":{"line":111,"column":21}}},"19":{"name":"(anonymous_21)","decl":{"start":{"line":117,"column":19},"end":{"line":117,"column":24}},"loc":{"start":{"line":117,"column":28},"end":{"line":111,"column":21}}},"20":{"name":"(anonymous_22)","decl":{"start":{"line":123,"column":4},"end":{"line":123,"column":22}},"loc":{"start":{"line":123,"column":24},"end":{"line":6,"column":null}}}},"branchMap":{"0":{"loc":{"start":{"line":29,"column":8},"end":{"line":28,"column":null}},"type":"if","locations":[{"start":{"line":29,"column":8},"end":{"line":28,"column":null}},{"start":{"line":29,"column":8},"end":{"line":28,"column":null}}]},"1":{"loc":{"start":{"line":101,"column":8},"end":{"line":106,"column":null}},"type":"if","locations":[{"start":{"line":101,"column":8},"end":{"line":106,"column":null}},{"start":{"line":101,"column":8},"end":{"line":106,"column":null}}]}},"s":{"0":1,"1":28,"2":4,"3":4,"4":4,"5":4,"6":4,"7":0,"8":4,"9":3,"10":3,"11":1,"12":1,"13":0,"14":0,"15":0,"16":8,"17":8,"18":0,"19":0,"20":0,"21":0,"22":0,"23":0,"24":0,"25":0,"26":0,"27":0,"28":0,"29":0,"30":0,"31":0,"32":0,"33":0,"34":0,"35":0,"36":0,"37":0,"38":0,"39":0,"40":0,"41":0,"42":0,"43":1},"f":{"0":4,"1":4,"2":4,"3":4,"4":3,"5":1,"6":0,"7":0,"8":0,"9":8,"10":8,"11":0,"12":0,"13":0,"14":0,"15":0,"16":0,"17":0,"18":0,"19":0,"20":0},"b":{"0":[0,4],"1":[0,0]}}
}
