TN:
SF:/Users/lulymontero/Documents/GitHub/Blog-Projects/Blog 1 Use Base LWC On Custom App/force-app/main/default/lwc/editContactRow/editContactRow.js
FN:3,(anonymous_1)
FN:11,(anonymous_2)
FN:19,(anonymous_3)
FN:24,(anonymous_4)
FN:30,(anonymous_5)
FN:41,(anonymous_6)
FN:48,(anonymous_7)
FN:57,(anonymous_8)
FN:67,(anonymous_9)
FN:74,(anonymous_10)
FN:82,(anonymous_11)
FN:87,(anonymous_12)
FN:90,(anonymous_13)
FN:98,(anonymous_14)
FN:102,(anonymous_15)
FN:106,(anonymous_16)
FN:112,(anonymous_17)
FN:116,(anonymous_18)
FNF:18
FNH:18
FNDA:15,(anonymous_1)
FNDA:15,(anonymous_2)
FNDA:24,(anonymous_3)
FNDA:4,(anonymous_4)
FNDA:8,(anonymous_5)
FNDA:2,(anonymous_6)
FNDA:1,(anonymous_7)
FNDA:1,(anonymous_8)
FNDA:1,(anonymous_9)
FNDA:1,(anonymous_10)
FNDA:1,(anonymous_11)
FNDA:1,(anonymous_12)
FNDA:4,(anonymous_13)
FNDA:1,(anonymous_14)
FNDA:2,(anonymous_15)
FNDA:3,(anonymous_16)
FNDA:5,(anonymous_17)
FNDA:3,(anonymous_18)
DA:3,105
DA:12,15
DA:13,1
DA:20,24
DA:25,4
DA:26,4
DA:27,4
DA:31,8
DA:32,8
DA:34,4
DA:35,4
DA:36,0
DA:42,2
DA:49,1
DA:52,1
DA:58,1
DA:59,1
DA:60,1
DA:61,1
DA:62,1
DA:68,1
DA:69,1
DA:70,1
DA:71,1
DA:75,1
DA:78,1
DA:83,1
DA:88,1
DA:89,1
DA:90,1
DA:91,4
DA:92,4
DA:99,1
DA:103,2
DA:107,3
DA:113,5
DA:117,3
LF:37
LH:36
BRDA:12,0,0,1
BRDA:12,0,1,14
BRDA:20,1,0,4
BRDA:20,1,1,20
BRDA:32,2,0,4
BRDA:32,2,1,4
BRDA:35,3,0,4
BRDA:35,3,1,0
BRDA:89,4,0,1
BRDA:89,4,1,0
BRDA:107,5,0,1
BRDA:107,5,1,2
BRF:12
BRH:10
end_of_record
TN:
SF:/Users/lulymontero/Documents/GitHub/Blog-Projects/Blog 1 Use Base LWC On Custom App/force-app/main/default/lwc/errorPanel/errorPanel.js
FN:4,(anonymous_1)
FN:13,(anonymous_2)
FN:17,(anonymous_3)
FNF:3
FNH:3
FNDA:5,(anonymous_1)
FNDA:7,(anonymous_2)
FNDA:1,(anonymous_3)
DA:2,2
DA:4,20
DA:14,7
DA:18,1
LF:4
LH:4
BRF:0
BRH:0
end_of_record
TN:
SF:/Users/lulymontero/Documents/GitHub/Blog-Projects/Blog 1 Use Base LWC On Custom App/force-app/main/default/lwc/ldsUtils/ldsUtils.js
FN:6,reduceErrors
FN:14,(anonymous_1)
FN:16,(anonymous_2)
FN:19,(anonymous_3)
FN:33,(anonymous_4)
FN:35,(anonymous_5)
FNF:6
FNH:5
FNDA:7,reduceErrors
FNDA:10,(anonymous_1)
FNDA:7,(anonymous_2)
FNDA:0,(anonymous_3)
FNDA:7,(anonymous_4)
FNDA:7,(anonymous_5)
DA:7,7
DA:8,4
DA:11,7
DA:14,10
DA:18,7
DA:19,0
DA:22,7
DA:23,1
DA:26,6
DA:27,0
DA:30,6
DA:33,7
DA:35,7
LF:13
LH:11
BRDA:7,0,0,4
BRDA:7,0,1,3
BRDA:18,1,0,0
BRDA:18,1,1,7
BRDA:22,2,0,1
BRDA:22,2,1,6
BRDA:22,3,0,7
BRDA:22,3,1,1
BRDA:26,4,0,0
BRDA:26,4,1,6
BRF:10
BRH:8
end_of_record
TN:
SF:/Users/lulymontero/Documents/GitHub/Blog-Projects/Blog 1 Use Base LWC On Custom App/force-app/main/default/lwc/modal/modal.js
FN:5,(anonymous_1)
FN:7,(anonymous_2)
FN:12,(anonymous_3)
FN:19,(anonymous_4)
FN:23,(anonymous_5)
FN:27,(anonymous_6)
FN:34,(anonymous_7)
FN:39,(anonymous_8)
FNF:8
FNH:7
FNDA:12,(anonymous_1)
FNDA:8,(anonymous_2)
FNDA:3,(anonymous_3)
FNDA:6,(anonymous_4)
FNDA:5,(anonymous_5)
FNDA:1,(anonymous_6)
FNDA:0,(anonymous_7)
FNDA:4,(anonymous_8)
DA:3,2
DA:5,48
DA:9,8
DA:10,8
DA:13,3
DA:20,6
DA:24,5
DA:29,1
DA:30,1
DA:31,1
DA:35,0
DA:36,0
DA:40,4
DA:41,4
LF:14
LH:12
BRDA:36,0,0,0
BRDA:36,0,1,0
BRDA:36,1,0,0
BRDA:36,1,1,0
BRDA:41,2,0,2
BRDA:41,2,1,2
BRDA:41,3,0,4
BRDA:41,3,1,2
BRF:8
BRH:4
end_of_record
TN:
SF:/Users/lulymontero/Documents/GitHub/Blog-Projects/Blog 1 Use Base LWC On Custom App/force-app/main/default/lwc/relatedContacts/relatedContacts.js
FN:5,(anonymous_2)
FN:15,(anonymous_3)
FN:19,(anonymous_4)
FN:26,(anonymous_5)
FN:33,(anonymous_6)
FN:37,(anonymous_7)
FN:44,(anonymous_8)
FN:47,(anonymous_9)
FN:54,(anonymous_10)
FN:59,(anonymous_11)
FN:63,(anonymous_12)
FN:66,(anonymous_13)
FN:71,(anonymous_14)
FN:78,(anonymous_15)
FN:85,(anonymous_16)
FN:91,(anonymous_17)
FN:95,(anonymous_18)
FN:106,(anonymous_19)
FN:109,(anonymous_20)
FN:114,(anonymous_21)
FN:120,(anonymous_22)
FNF:21
FNH:19
FNDA:7,(anonymous_2)
FNDA:7,(anonymous_3)
FNDA:7,(anonymous_4)
FNDA:7,(anonymous_5)
FNDA:5,(anonymous_6)
FNDA:1,(anonymous_7)
FNDA:2,(anonymous_8)
FNDA:2,(anonymous_9)
FNDA:1,(anonymous_10)
FNDA:16,(anonymous_11)
FNDA:16,(anonymous_12)
FNDA:2,(anonymous_13)
FNDA:3,(anonymous_14)
FNDA:0,(anonymous_15)
FNDA:2,(anonymous_16)
FNDA:1,(anonymous_17)
FNDA:2,(anonymous_18)
FNDA:1,(anonymous_19)
FNDA:1,(anonymous_20)
FNDA:0,(anonymous_21)
FNDA:2,(anonymous_22)
DA:3,1
DA:5,49
DA:17,7
DA:20,7
DA:21,7
DA:22,7
DA:27,7
DA:28,1
DA:32,6
DA:34,5
DA:35,5
DA:38,1
DA:39,1
DA:45,2
DA:48,2
DA:55,1
DA:60,16
DA:64,16
DA:67,2
DA:68,2
DA:72,3
DA:73,3
DA:79,0
DA:80,0
DA:81,0
DA:86,2
DA:87,2
DA:88,2
DA:92,1
DA:96,2
DA:97,2
DA:98,2
DA:99,1
DA:101,1
DA:102,1
DA:108,1
DA:110,1
DA:111,1
DA:112,1
DA:115,0
DA:116,0
DA:121,2
LF:42
LH:37
BRDA:27,0,0,1
BRDA:27,0,1,6
BRDA:98,1,0,1
BRDA:98,1,1,1
BRF:4
BRH:4
end_of_record
