TN:
SF:/Users/lmontero/Documents/GitHub/Blog-Projects/Blog 1 Use Base LWC On Custom App/force-app/main/default/lwc/editContactRow/editContactRow.js
FN:3,(anonymous_1)
FN:11,(anonymous_2)
FN:19,(anonymous_3)
FN:24,(anonymous_4)
FN:30,(anonymous_5)
FN:43,(anonymous_6)
FN:50,(anonymous_7)
FN:59,(anonymous_8)
FN:69,(anonymous_9)
FN:76,(anonymous_10)
FN:83,(anonymous_11)
FN:88,(anonymous_12)
FN:93,(anonymous_13)
FN:101,(anonymous_14)
FN:105,(anonymous_15)
FN:109,(anonymous_16)
FN:116,(anonymous_17)
FN:120,(anonymous_18)
FNF:18
FNH:18
FNDA:10,(anonymous_1)
FNDA:10,(anonymous_2)
FNDA:19,(anonymous_3)
FNDA:4,(anonymous_4)
FNDA:8,(anonymous_5)
FNDA:2,(anonymous_6)
FNDA:1,(anonymous_7)
FNDA:1,(anonymous_8)
FNDA:1,(anonymous_9)
FNDA:1,(anonymous_10)
FNDA:1,(anonymous_11)
FNDA:1,(anonymous_12)
FNDA:4,(anonymous_13)
FNDA:1,(anonymous_14)
FNDA:2,(anonymous_15)
FNDA:3,(anonymous_16)
FNDA:5,(anonymous_17)
FNDA:2,(anonymous_18)
DA:3,70
DA:12,10
DA:13,0
DA:20,19
DA:25,4
DA:26,4
DA:27,4
DA:31,8
DA:32,8
DA:34,4
DA:35,4
DA:36,4
DA:37,0
DA:44,2
DA:51,1
DA:54,1
DA:60,1
DA:61,1
DA:62,1
DA:63,1
DA:64,1
DA:70,1
DA:71,1
DA:72,1
DA:73,1
DA:77,1
DA:79,1
DA:84,1
DA:89,1
DA:92,1
DA:93,1
DA:94,4
DA:95,4
DA:102,1
DA:106,2
DA:110,3
DA:117,5
DA:121,2
LF:38
LH:36
BRDA:12,0,0,0
BRDA:12,0,1,10
BRDA:20,1,0,0
BRDA:20,1,1,19
BRDA:32,2,0,4
BRDA:32,2,1,4
BRDA:35,3,0,4
BRDA:35,3,1,0
BRDA:92,4,0,1
BRDA:92,4,1,0
BRDA:110,5,0,1
BRDA:110,5,1,2
BRF:12
BRH:8
end_of_record
TN:
SF:/Users/lmontero/Documents/GitHub/Blog-Projects/Blog 1 Use Base LWC On Custom App/force-app/main/default/lwc/errorPanel/errorPanel.js
FN:4,(anonymous_1)
FN:13,(anonymous_2)
FN:17,(anonymous_3)
FNF:3
FNH:3
FNDA:4,(anonymous_1)
FNDA:6,(anonymous_2)
FNDA:1,(anonymous_3)
DA:2,1
DA:4,16
DA:14,6
DA:18,1
LF:4
LH:4
BRF:0
BRH:0
end_of_record
TN:
SF:/Users/lmontero/Documents/GitHub/Blog-Projects/Blog 1 Use Base LWC On Custom App/force-app/main/default/lwc/ldsUtils/ldsUtils.js
FN:6,reduceErrors
FN:14,(anonymous_1)
FN:16,(anonymous_2)
FN:19,(anonymous_3)
FN:33,(anonymous_4)
FN:35,(anonymous_5)
FNF:6
FNH:5
FNDA:6,reduceErrors
FNDA:9,(anonymous_1)
FNDA:6,(anonymous_2)
FNDA:0,(anonymous_3)
FNDA:6,(anonymous_4)
FNDA:6,(anonymous_5)
DA:7,6
DA:8,3
DA:11,6
DA:14,9
DA:18,6
DA:19,0
DA:22,6
DA:23,0
DA:26,6
DA:27,0
DA:30,6
DA:33,6
DA:35,6
LF:13
LH:10
BRDA:7,0,0,3
BRDA:7,0,1,3
BRDA:18,1,0,0
BRDA:18,1,1,6
BRDA:22,2,0,0
BRDA:22,2,1,6
BRDA:22,3,0,6
BRDA:22,3,1,0
BRDA:26,4,0,0
BRDA:26,4,1,6
BRF:10
BRH:6
end_of_record
TN:
SF:/Users/lmontero/Documents/GitHub/Blog-Projects/Blog 1 Use Base LWC On Custom App/force-app/main/default/lwc/modal/modal.js
FN:5,(anonymous_1)
FN:7,(anonymous_2)
FN:12,(anonymous_3)
FN:19,(anonymous_4)
FN:23,(anonymous_5)
FN:27,(anonymous_6)
FN:34,(anonymous_7)
FN:39,(anonymous_8)
FNF:8
FNH:6
FNDA:5,(anonymous_1)
FNDA:1,(anonymous_2)
FNDA:1,(anonymous_3)
FNDA:4,(anonymous_4)
FNDA:2,(anonymous_5)
FNDA:1,(anonymous_6)
FNDA:0,(anonymous_7)
FNDA:0,(anonymous_8)
DA:3,1
DA:5,20
DA:9,1
DA:10,1
DA:13,1
DA:20,4
DA:24,2
DA:29,1
DA:30,1
DA:31,1
DA:35,0
DA:36,0
DA:40,0
DA:41,0
LF:14
LH:10
BRF:0
BRH:0
end_of_record
TN:
SF:/Users/lmontero/Documents/GitHub/Blog-Projects/Blog 1 Use Base LWC On Custom App/force-app/main/default/lwc/relatedContacts/relatedContacts.js
FN:6,(anonymous_2)
FN:17,(anonymous_3)
FN:21,(anonymous_4)
FN:25,(anonymous_5)
FN:32,(anonymous_6)
FN:35,(anonymous_7)
FN:42,(anonymous_8)
FN:47,(anonymous_9)
FN:51,(anonymous_10)
FN:54,(anonymous_11)
FN:59,(anonymous_12)
FN:66,(anonymous_13)
FN:73,(anonymous_14)
FN:79,(anonymous_15)
FN:83,(anonymous_16)
FN:94,(anonymous_17)
FN:97,(anonymous_18)
FN:102,(anonymous_19)
FN:108,(anonymous_20)
FNF:19
FNH:0
FNDA:0,(anonymous_2)
FNDA:0,(anonymous_3)
FNDA:0,(anonymous_4)
FNDA:0,(anonymous_5)
FNDA:0,(anonymous_6)
FNDA:0,(anonymous_7)
FNDA:0,(anonymous_8)
FNDA:0,(anonymous_9)
FNDA:0,(anonymous_10)
FNDA:0,(anonymous_11)
FNDA:0,(anonymous_12)
FNDA:0,(anonymous_13)
FNDA:0,(anonymous_14)
FNDA:0,(anonymous_15)
FNDA:0,(anonymous_16)
FNDA:0,(anonymous_17)
FNDA:0,(anonymous_18)
FNDA:0,(anonymous_19)
FNDA:0,(anonymous_20)
DA:3,0
DA:6,0
DA:20,0
DA:22,0
DA:23,0
DA:26,0
DA:27,0
DA:33,0
DA:36,0
DA:43,0
DA:48,0
DA:52,0
DA:55,0
DA:56,0
DA:60,0
DA:61,0
DA:67,0
DA:68,0
DA:69,0
DA:74,0
DA:75,0
DA:76,0
DA:80,0
DA:84,0
DA:85,0
DA:86,0
DA:87,0
DA:89,0
DA:90,0
DA:96,0
DA:98,0
DA:99,0
DA:100,0
DA:103,0
DA:104,0
DA:109,0
LF:36
LH:0
BRDA:86,0,0,0
BRDA:86,0,1,0
BRF:2
BRH:0
end_of_record
